writeCommonTags: couldn't write 'year' tag to 'Onumi/Demos/Cypher/onumi cypher haha dab 1-Group.wav' as it's not a positive integer
writeCommonTags: couldn't write 'track' tag to 'Onumi/Demos/Cypher/onumi cypher haha dab 1-Group.wav' as it's not a positive integer
writeCommonTags: couldn't write 'year' tag to 'Onumi/Demos/Cypher/onumi cypher haha dab 11-Group.wav' as it's not a positive integer
writeCommonTags: couldn't write 'track' tag to 'Onumi/Demos/Cypher/onumi cypher haha dab 11-Group.wav' as it's not a positive integer
writeCommonTags: couldn't write 'year' tag to 'Onumi/Demos/Cypher/onumi cypher haha dab 13-Group.wav' as it's not a positive integer
writeCommonTags: couldn't write 'track' tag to 'Onumi/Demos/Cypher/onumi cypher haha dab 13-Group.wav' as it's not a positive integer
writeCommonTags: couldn't write 'year' tag to 'Onumi/Demos/Cypher/onumi cypher haha dab 5-Group.wav' as it's not a positive integer
writeCommonTags: couldn't write 'track' tag to 'Onumi/Demos/Cypher/onumi cypher haha dab 5-Group.wav' as it's not a positive integer
writeCommonTags: couldn't write 'year' tag to 'Onumi/Demos/Cypher/onumi cypher haha dab 1-Group.wav' as it's not a positive integer
writeCommonTags: couldn't write 'track' tag to 'Onumi/Demos/Cypher/onumi cypher haha dab 1-Group.wav' as it's not a positive integer
writeCommonTags: couldn't write 'year' tag to 'Onumi/Demos/Cypher/onumi cypher haha dab 1-Group.wav' as it's not a positive integer
writeCommonTags: couldn't write 'track' tag to 'Onumi/Demos/Cypher/onumi cypher haha dab 1-Group.wav' as it's not a positive integer
writeCommonTags: couldn't write 'year' tag to 'Onumi/Demos/Cypher/onumi cypher haha dab 1-Group.wav' as it's not a positive integer
writeCommonTags: couldn't write 'track' tag to 'Onumi/Demos/Cypher/onumi cypher haha dab 1-Group.wav' as it's not a positive integer
writeCommonTags: couldn't write 'year' tag to 'Onumi/Demos/Cypher/onumi cypher haha dab 1-Group.wav' as it's not a positive integer
writeCommonTags: couldn't write 'track' tag to 'Onumi/Demos/Cypher/onumi cypher haha dab 1-Group.wav' as it's not a positive integer
writeCommonTags: couldn't write 'year' tag to 'Onumi/onumi ²/onumi cypher #4.wav' as it's not a positive integer
writeCommonTags: couldn't write 'track' tag to 'Onumi/onumi ²/onumi cypher #4.wav' as it's not a positive integer
writeCommonTags: couldn't write 'year' tag to 'Entrepreneurs/Videos/Eloise.mp4' as it's not a positive integer
writeCommonTags: couldn't write 'track' tag to 'Entrepreneurs/Videos/Eloise.mp4' as it's not a positive integer
writeCommonTags: couldn't write 'year' tag to 'Entrepreneurs/Videos/Entrepreneurs - “Revenge Platter”.mp4' as it's not a positive integer
writeCommonTags: couldn't write 'track' tag to 'Entrepreneurs/Videos/Entrepreneurs - “Revenge Platter”.mp4' as it's not a positive integer
writeCommonTags: couldn't write 'year' tag to 'Entrepreneurs/Videos/Entrepreneurs - Bubblegunk.mp4' as it's not a positive integer
writeCommonTags: couldn't write 'track' tag to 'Entrepreneurs/Videos/Entrepreneurs - Bubblegunk.mp4' as it's not a positive integer
writeCommonTags: couldn't write 'year' tag to 'Julien-K/Unknown Album/17 Kick the Bass.m4v' as it's not a positive integer
